/mnt/scratch_a/users/m/melissap/code/exps/esc50/1.raw/models.py:363: UserWarning: Implicit dimension choice for softmax has been deprecated. Change the call to include dim=X as an argument.
  x = self.activation(x)
/mnt/scratch_a/users/m/melissap/melEnv/lib/python3.8/site-packages/torch/nn/modules/loss.py:432: UserWarning: Using a target size (torch.Size([16])) that is different to the input size (torch.Size([16, 50])). This will likely lead to incorrect results due to broadcasting. Please ensure they have the same size.
  return F.mse_loss(input, target, reduction=self.reduction)
44100
(2000, 7)
audio_files length:2000
loadin waveforms..
features are loaded
cpu
model initialized...
attempt is already initialized
Experiment's _44100 attempt no_ : 4
Train started..
Traceback (most recent call last):
  File "/mnt/scratch_a/users/m/melissap/code/exps/esc50/1.raw/main.py", line 94, in <module>
    train.train(model, loss_fn, train_loader, valid_loader, 
  File "/mnt/scratch_a/users/m/melissap/code/exps/esc50/1.raw/train.py", line 59, in train
    loss = loss_fn(y_hat, y)
  File "/mnt/scratch_a/users/m/melissap/melEnv/lib/python3.8/site-packages/torch/nn/modules/module.py", line 550, in __call__
    result = self.forward(*input, **kwargs)
  File "/mnt/scratch_a/users/m/melissap/melEnv/lib/python3.8/site-packages/torch/nn/modules/loss.py", line 432, in forward
    return F.mse_loss(input, target, reduction=self.reduction)
  File "/mnt/scratch_a/users/m/melissap/melEnv/lib/python3.8/site-packages/torch/nn/functional.py", line 2542, in mse_loss
    expanded_input, expanded_target = torch.broadcast_tensors(input, target)
  File "/mnt/scratch_a/users/m/melissap/melEnv/lib/python3.8/site-packages/torch/functional.py", line 62, in broadcast_tensors
    return _VF.broadcast_tensors(tensors)
RuntimeError: The size of tensor a (50) must match the size of tensor b (16) at non-singleton dimension 1
