/mnt/scratch_a/users/m/melissap/code/exps/esc50/1.raw/models.py:363: UserWarning: Implicit dimension choice for softmax has been deprecated. Change the call to include dim=X as an argument.
  x = self.activation(x)
44100
(2000, 7)
audio_files length:2000
loadin waveforms..
features are loaded
cpu
model initialized...
attempt is already initialized
Experiment's _44100 attempt no_ : 3
Train started..

Epoch - 1 Train-Loss : 3.91215390920639

Epoch - 1 Valid-Loss : 3.912137689590454
micro_f1_1 = 0.0175 
macro_f1_1 = 0.010578792882039991 

Epoch - 2 Train-Loss : 3.9121124505996705

Epoch - 2 Valid-Loss : 3.91215313911438
micro_f1_2 = 0.0175 
macro_f1_2 = 0.010499999999999999 
Overfitting detected

Epoch - 3 Train-Loss : 3.9121312856674195

Epoch - 3 Valid-Loss : 3.9121753215789794
micro_f1_3 = 0.02 
macro_f1_3 = 0.012599615438325116 
Overfitting detected
Changed learning rate to 1.0000000000000002e-06
learning rate reduced..

Epoch - 4 Train-Loss : 3.9120651054382325

Epoch - 4 Valid-Loss : 3.9121621322631834
micro_f1_4 = 0.015 
macro_f1_4 = 0.01062933869199854 

Epoch - 5 Train-Loss : 3.912142539024353

Epoch - 5 Valid-Loss : 3.912146472930908
micro_f1_5 = 0.0175 
macro_f1_5 = 0.010739576026810069 

Epoch - 6 Train-Loss : 3.912168438434601

Epoch - 6 Valid-Loss : 3.9121502113342284
micro_f1_6 = 0.0175 
macro_f1_6 = 0.010351664037262414 
Overfitting detected
Changed learning rate to 1.0000000000000002e-06
learning rate re-reduced..

Epoch - 7 Train-Loss : 3.9120615696907044

Epoch - 7 Valid-Loss : 3.912168483734131
micro_f1_7 = 0.0175 
macro_f1_7 = 0.012670983013088277 
Overfitting detected
training is terminating so as to prevent further overfitting
params = 555138
Experiment's attempt changed to : 4
