80
csv containts 8732 rows and 8 columns.
fold no_1 contains 873 audiofiles
fold no_2 contains 888 audiofiles
fold no_3 contains 925 audiofiles
fold no_4 contains 990 audiofiles
fold no_5 contains 936 audiofiles
fold no_6 contains 823 audiofiles
fold no_7 contains 838 audiofiles
fold no_8 contains 806 audiofiles
fold no_9 contains 816 audiofiles
fold no_10 contains 837 audiofiles
All in all there are 8732 audio files found in 8k Urban Sound dataset folders
Index(['slice_file_name', 'fsID', 'start', 'end', 'salience', 'fold',
       'classID', 'class'],
      dtype='object')


column <class> became... <Class>
['air_conditioner', 'car_horn', 'children_playing', 'dog_bark', 'drilling', 'engine_idling', 'gun_shot', 'jackhammer', 'siren', 'street_music']
loadin mel-spectograms..
features are loaded
cpu
model initialized...
attempt is already initialized
Experiment's _80 attempt no_ : 1
Train started..

Epoch - 1 Train-Loss : 1.3158880879855581

Epoch - 1 Valid-Loss : 2.155224431960386
micro_f1_1 = 0.2807646356033453 
macro_f1_1 = 0.24549679718281184 

Epoch - 2 Train-Loss : 1.0195385207930368

Epoch - 2 Valid-Loss : 2.143964009766724
micro_f1_2 = 0.31660692951015534 
macro_f1_2 = 0.2738345653488058 

Epoch - 3 Train-Loss : 0.8672060314028027

Epoch - 3 Valid-Loss : 2.1998545593329513
micro_f1_3 = 0.2939068100358423 
macro_f1_3 = 0.25358240404866234 
Overfitting detected

Epoch - 4 Train-Loss : 0.7595415756057272

Epoch - 4 Valid-Loss : 2.1996986073049025
micro_f1_4 = 0.2915173237753883 
macro_f1_4 = 0.23875061300934988 

Epoch - 5 Train-Loss : 0.6618365986119761

Epoch - 5 Valid-Loss : 2.224924475635572
micro_f1_5 = 0.3046594982078853 
macro_f1_5 = 0.253179489393637 
Overfitting detected
Changed learning rate to 1.0000000000000002e-06
learning rate reduced..

Epoch - 6 Train-Loss : 0.7980258131794113

Epoch - 6 Valid-Loss : 2.0948924033334
micro_f1_6 = 0.3154121863799283 
macro_f1_6 = 0.2673845994365648 

Epoch - 7 Train-Loss : 0.6863748660813537

Epoch - 7 Valid-Loss : 2.0554285743312737
micro_f1_7 = 0.3213859020310633 
macro_f1_7 = 0.27643354198689063 

Epoch - 8 Train-Loss : 0.6374277115349822

Epoch - 8 Valid-Loss : 2.037685826930397
micro_f1_8 = 0.3201911589008363 
macro_f1_8 = 0.2786608665431804 

Epoch - 9 Train-Loss : 0.6054257711008839

Epoch - 9 Valid-Loss : 2.0258409657972902
micro_f1_9 = 0.32974910394265233 
macro_f1_9 = 0.2876539028026904 

Epoch - 10 Train-Loss : 0.5751114015836375

Epoch - 10 Valid-Loss : 2.020282005165729
micro_f1_10 = 0.3333333333333333 
macro_f1_10 = 0.2915368053606081 

Epoch - 11 Train-Loss : 0.5566847534298868

Epoch - 11 Valid-Loss : 2.013990994478301
micro_f1_11 = 0.3333333333333333 
macro_f1_11 = 0.2918560215120451 

Epoch - 12 Train-Loss : 0.5336831120932661

Epoch - 12 Valid-Loss : 2.0006446922342587
micro_f1_12 = 0.33691756272401435 
macro_f1_12 = 0.29518716373481035 

Epoch - 13 Train-Loss : 0.5175848237743196

Epoch - 13 Valid-Loss : 1.9958845907477316
micro_f1_13 = 0.33930704898446834 
macro_f1_13 = 0.2978538498606458 

Epoch - 14 Train-Loss : 0.49802002473164947

Epoch - 14 Valid-Loss : 1.982515299681623
micro_f1_14 = 0.34647550776583036 
macro_f1_14 = 0.30514543582663434 

Epoch - 15 Train-Loss : 0.48090793376816937

Epoch - 15 Valid-Loss : 1.9773961142141687
micro_f1_15 = 0.34408602150537637 
macro_f1_15 = 0.3030735332145922 

Epoch - 16 Train-Loss : 0.46511125933018893

Epoch - 16 Valid-Loss : 1.9688982408907678
micro_f1_16 = 0.34408602150537637 
macro_f1_16 = 0.301788051632098 

Epoch - 17 Train-Loss : 0.4519544928503991

Epoch - 17 Valid-Loss : 1.9620509648978213
micro_f1_17 = 0.35244922341696533 
macro_f1_17 = 0.31042661246887576 

Epoch - 18 Train-Loss : 0.4364792063406809

Epoch - 18 Valid-Loss : 1.9524387221943627
micro_f1_18 = 0.35722819593787336 
macro_f1_18 = 0.31475880456837024 

Epoch - 19 Train-Loss : 0.4250341748561113

Epoch - 19 Valid-Loss : 1.9496548150453534
micro_f1_19 = 0.36678614097968937 
macro_f1_19 = 0.32317029575917905 

Epoch - 20 Train-Loss : 0.41470414981241144

Epoch - 20 Valid-Loss : 1.9359477080912146
micro_f1_20 = 0.3739545997610514 
macro_f1_20 = 0.33075170832713796 

Epoch - 21 Train-Loss : 0.39755361497946545

Epoch - 21 Valid-Loss : 1.9308996097159126
micro_f1_21 = 0.3847072879330944 
macro_f1_21 = 0.3407979094244634 

Epoch - 22 Train-Loss : 0.38471168210732576

Epoch - 22 Valid-Loss : 1.9200227611654814
micro_f1_22 = 0.3978494623655913 
macro_f1_22 = 0.35091738967829655 

Epoch - 23 Train-Loss : 0.3753706629221134

Epoch - 23 Valid-Loss : 1.9123589763976412
micro_f1_23 = 0.4002389486260454 
macro_f1_23 = 0.35278101517684995 

Epoch - 24 Train-Loss : 0.36340258124002206

Epoch - 24 Valid-Loss : 1.9006903105990665
micro_f1_24 = 0.42054958183990443 
macro_f1_24 = 0.3689708531676583 

Epoch - 25 Train-Loss : 0.35217619682331464

Epoch - 25 Valid-Loss : 1.8922275022838349
micro_f1_25 = 0.42054958183990443 
macro_f1_25 = 0.36826807262382666 

Epoch - 26 Train-Loss : 0.3417746749639174

Epoch - 26 Valid-Loss : 1.8836390948414874
micro_f1_26 = 0.4229390681003584 
macro_f1_26 = 0.3697967948796211 

Epoch - 27 Train-Loss : 0.3329572168348752

Epoch - 27 Valid-Loss : 1.8796800119399562
micro_f1_27 = 0.43010752688172044 
macro_f1_27 = 0.3753427989926445 

Epoch - 28 Train-Loss : 0.32102610345950633

Epoch - 28 Valid-Loss : 1.8709044039656666
micro_f1_28 = 0.43130227001194743 
macro_f1_28 = 0.37320514547035905 

Epoch - 29 Train-Loss : 0.3104340676468148

Epoch - 29 Valid-Loss : 1.8689273704085922
micro_f1_29 = 0.4336917562724014 
macro_f1_29 = 0.3765131100294243 

Epoch - 30 Train-Loss : 0.30302668451579245

Epoch - 30 Valid-Loss : 1.859568125003083
micro_f1_30 = 0.43010752688172044 
macro_f1_30 = 0.3736730095738944 

Epoch - 31 Train-Loss : 0.29236294466764917

Epoch - 31 Valid-Loss : 1.8568117425286321
micro_f1_31 = 0.4336917562724014 
macro_f1_31 = 0.37419908920479783 

Epoch - 32 Train-Loss : 0.28477539423770937

Epoch - 32 Valid-Loss : 1.8517409208794808
micro_f1_32 = 0.43249701314217437 
macro_f1_32 = 0.37420391201447406 

Epoch - 33 Train-Loss : 0.2761654826672785

Epoch - 33 Valid-Loss : 1.848764841593891
micro_f1_33 = 0.43010752688172044 
macro_f1_33 = 0.3712279215870968 

Epoch - 34 Train-Loss : 0.26870520598154823

Epoch - 34 Valid-Loss : 1.845466416178932
micro_f1_34 = 0.4348864994026284 
macro_f1_34 = 0.37451483890085574 

Epoch - 35 Train-Loss : 0.26273252009014053

Epoch - 35 Valid-Loss : 1.8348372317450021
micro_f1_35 = 0.43727598566308246 
macro_f1_35 = 0.3767075033171921 

Epoch - 36 Train-Loss : 0.25354514226297475

Epoch - 36 Valid-Loss : 1.8303700776986573
micro_f1_36 = 0.44086021505376344 
macro_f1_36 = 0.3799490397343188 

Epoch - 37 Train-Loss : 0.24747532993657978

Epoch - 37 Valid-Loss : 1.8249891861920493
micro_f1_37 = 0.44205495818399043 
macro_f1_37 = 0.38126877478025023 

Epoch - 38 Train-Loss : 0.23958864442078515

Epoch - 38 Valid-Loss : 1.824029314722265
micro_f1_38 = 0.44086021505376344 
macro_f1_38 = 0.3809068443595389 

Epoch - 39 Train-Loss : 0.2316116796432671

Epoch - 39 Valid-Loss : 1.8266299303861395
micro_f1_39 = 0.44205495818399043 
macro_f1_39 = 0.3816624660731064 
Overfitting detected
Changed learning rate to 1.0000000000000002e-06
learning rate re-reduced..

Epoch - 40 Train-Loss : 0.22457418354270897

Epoch - 40 Valid-Loss : 1.8214510112050633
micro_f1_40 = 0.43966547192353644 
macro_f1_40 = 0.3798681510412984 

Epoch - 41 Train-Loss : 0.22105683212113636

Epoch - 41 Valid-Loss : 1.8168448021061265
micro_f1_41 = 0.44205495818399043 
macro_f1_41 = 0.382108342341451 

Epoch - 42 Train-Loss : 0.21258148732431778

Epoch - 42 Valid-Loss : 1.8104769912378122
micro_f1_42 = 0.43847072879330945 
macro_f1_42 = 0.37795593721893717 

Epoch - 43 Train-Loss : 0.2061141384223478

Epoch - 43 Valid-Loss : 1.8002756295081455
micro_f1_43 = 0.44086021505376344 
macro_f1_43 = 0.38020715868213173 

Epoch - 44 Train-Loss : 0.1998979535066856

Epoch - 44 Valid-Loss : 1.8028391654555338
micro_f1_44 = 0.44086021505376344 
macro_f1_44 = 0.38005664911300896 
Overfitting detected
training is terminating so as to prevent further overfitting
Traceback (most recent call last):
  File "/mnt/scratch_a/users/m/melissap/code/exps/us8k/2.flat/main.py", line 100, in <module>
    train.train(model, loss_fn, train_loader, valid_loader, 
  File "/mnt/scratch_a/users/m/melissap/code/exps/us8k/2.flat/train.py", line 124, in train
    genres_filename = store.genres_filename(expid,mode)
TypeError: genres_filename() takes 2 positional arguments but 3 were given
