128
csv containts 8732 rows and 8 columns.
fold no_1 contains 873 audiofiles
fold no_2 contains 888 audiofiles
fold no_3 contains 925 audiofiles
fold no_4 contains 990 audiofiles
fold no_5 contains 936 audiofiles
fold no_6 contains 823 audiofiles
fold no_7 contains 838 audiofiles
fold no_8 contains 806 audiofiles
fold no_9 contains 816 audiofiles
fold no_10 contains 837 audiofiles
All in all there are 8732 audio files found in 8k Urban Sound dataset folders
Index(['slice_file_name', 'fsID', 'start', 'end', 'salience', 'fold',
       'classID', 'class'],
      dtype='object')


column <class> became... <Class>
['air_conditioner', 'car_horn', 'children_playing', 'dog_bark', 'drilling', 'engine_idling', 'gun_shot', 'jackhammer', 'siren', 'street_music']
loadin mel-spectograms..
features are loaded
cpu
model initialized...
attempt is already initialized
Experiment's _128 attempt no_ : 5
Train started..
Traceback (most recent call last):
  File "/mnt/scratch_a/users/m/melissap/code/exps/us8k/3.mel/main.py", line 94, in <module>
    train.train(model, loss_fn, train_loader, valid_loader, 
  File "/mnt/scratch_a/users/m/melissap/code/exps/us8k/3.mel/train.py", line 53, in train
    for i,data in enumerate(train_loader):
  File "/mnt/scratch_a/users/m/melissap/melEnv/lib/python3.8/site-packages/torch/utils/data/dataloader.py", line 345, in __next__
    data = self._next_data()
  File "/mnt/scratch_a/users/m/melissap/melEnv/lib/python3.8/site-packages/torch/utils/data/dataloader.py", line 385, in _next_data
    data = self._dataset_fetcher.fetch(index)  # may raise StopIteration
  File "/mnt/scratch_a/users/m/melissap/melEnv/lib/python3.8/site-packages/torch/utils/data/_utils/fetch.py", line 47, in fetch
    return self.collate_fn(data)
  File "/mnt/scratch_a/users/m/melissap/melEnv/lib/python3.8/site-packages/torch/utils/data/_utils/collate.py", line 79, in default_collate
    return [default_collate(samples) for samples in transposed]
  File "/mnt/scratch_a/users/m/melissap/melEnv/lib/python3.8/site-packages/torch/utils/data/_utils/collate.py", line 79, in <listcomp>
    return [default_collate(samples) for samples in transposed]
  File "/mnt/scratch_a/users/m/melissap/melEnv/lib/python3.8/site-packages/torch/utils/data/_utils/collate.py", line 64, in default_collate
    return default_collate([torch.as_tensor(b) for b in batch])
  File "/mnt/scratch_a/users/m/melissap/melEnv/lib/python3.8/site-packages/torch/utils/data/_utils/collate.py", line 55, in default_collate
    return torch.stack(batch, 0, out=out)
RuntimeError: stack expects each tensor to be equal size, but got [1, 128, 140] at entry 0 and [1, 128, 345] at entry 1
