128
csv containts 8732 rows and 8 columns.
fold no_1 contains 873 audiofiles
fold no_2 contains 888 audiofiles
fold no_3 contains 925 audiofiles
fold no_4 contains 990 audiofiles
fold no_5 contains 936 audiofiles
fold no_6 contains 823 audiofiles
fold no_7 contains 838 audiofiles
fold no_8 contains 806 audiofiles
fold no_9 contains 816 audiofiles
fold no_10 contains 837 audiofiles
All in all there are 8732 audio files found in 8k Urban Sound dataset folders
Index(['slice_file_name', 'fsID', 'start', 'end', 'salience', 'fold',
       'classID', 'class'],
      dtype='object')


column <class> became... <Class>
['air_conditioner', 'car_horn', 'children_playing', 'dog_bark', 'drilling', 'engine_idling', 'gun_shot', 'jackhammer', 'siren', 'street_music']
loadin mel-spectograms..
features are loaded
cpu
model initialized...
attempt is already initialized
Experiment's _128 attempt no_ : 3
Train started..

Epoch - 1 Train-Loss : 1.5506509594438496

Epoch - 1 Valid-Loss : 2.110616909931976
micro_f1_1 = 0.28793309438470727 
macro_f1_1 = 0.17142909251129218 

Epoch - 2 Train-Loss : 1.2317955335045339

Epoch - 2 Valid-Loss : 2.1678537384383247
micro_f1_2 = 0.34528076463560337 
macro_f1_2 = 0.22872609484503975 
Overfitting detected

Epoch - 3 Train-Loss : 1.0147837295607782

Epoch - 3 Valid-Loss : 2.1372986527108626
micro_f1_3 = 0.38948626045400236 
macro_f1_3 = 0.27226997909872586 

Epoch - 4 Train-Loss : 0.8728307790177304

Epoch - 4 Valid-Loss : 2.2048458397923105
micro_f1_4 = 0.3966547192353644 
macro_f1_4 = 0.2935982964995579 
Overfitting detected
Changed learning rate to 1.0000000000000002e-06
learning rate reduced..

Epoch - 5 Train-Loss : 0.9964128589624239

Epoch - 5 Valid-Loss : 1.9151237421906069
micro_f1_5 = 0.43249701314217437 
macro_f1_5 = 0.3712053522558486 

Epoch - 6 Train-Loss : 0.8878505438178702

Epoch - 6 Valid-Loss : 1.9227012789812665
micro_f1_6 = 0.43249701314217437 
macro_f1_6 = 0.3717654822548484 
Overfitting detected
Changed learning rate to 1.0000000000000002e-06
learning rate re-reduced..

Epoch - 7 Train-Loss : 0.8459815270151919

Epoch - 7 Valid-Loss : 1.9473389588736483
micro_f1_7 = 0.43847072879330945 
macro_f1_7 = 0.3761451537270125 
Overfitting detected
training is terminating so as to prevent further overfitting
(2, 2)
2
Experiment's attempt changed to : 4
