128
csv containts 8732 rows and 8 columns.
fold no_1 contains 873 audiofiles
fold no_2 contains 888 audiofiles
fold no_3 contains 925 audiofiles
fold no_4 contains 990 audiofiles
fold no_5 contains 936 audiofiles
fold no_6 contains 823 audiofiles
fold no_7 contains 838 audiofiles
fold no_8 contains 806 audiofiles
fold no_9 contains 816 audiofiles
fold no_10 contains 837 audiofiles
All in all there are 8732 audio files found in 8k Urban Sound dataset folders
Index(['slice_file_name', 'fsID', 'start', 'end', 'salience', 'fold',
       'classID', 'class'],
      dtype='object')


column <class> became... <Class>
['air_conditioner', 'car_horn', 'children_playing', 'dog_bark', 'drilling', 'engine_idling', 'gun_shot', 'jackhammer', 'siren', 'street_music']
loadin mel-spectograms..
features are loaded
cpu
model initialized...
attempt is already initialized
Experiment's _128 attempt no_ : 3
Train started..

Epoch - 1 Train-Loss : 1.5894047025558842

Epoch - 1 Valid-Loss : 2.1447686939683868
micro_f1_1 = 0.26045400238948624 
macro_f1_1 = 0.16829148725966203 

Epoch - 2 Train-Loss : 1.2281011125937344

Epoch - 2 Valid-Loss : 2.0220557142543107
micro_f1_2 = 0.3034647550776583 
macro_f1_2 = 0.20846431061980836 

Epoch - 3 Train-Loss : 1.023684822706661

Epoch - 3 Valid-Loss : 2.0390297664004504
micro_f1_3 = 0.3763440860215054 
macro_f1_3 = 0.27375417573401284 
Overfitting detected

Epoch - 4 Train-Loss : 0.8792463485172635

Epoch - 4 Valid-Loss : 1.9940716681179669
micro_f1_4 = 0.4014336917562724 
macro_f1_4 = 0.31151790581769473 

Epoch - 5 Train-Loss : 0.7548854979355415

Epoch - 5 Valid-Loss : 1.9903876254068835
micro_f1_5 = 0.3978494623655913 
macro_f1_5 = 0.2962062707897661 

Epoch - 6 Train-Loss : 0.6573191284690655

Epoch - 6 Valid-Loss : 2.0109047583423822
micro_f1_6 = 0.42054958183990443 
macro_f1_6 = 0.33154308175511293 
Overfitting detected
Changed learning rate to 1.0000000000000002e-06
learning rate reduced..

Epoch - 7 Train-Loss : 0.8016800841363049

Epoch - 7 Valid-Loss : 1.7644751758009791
micro_f1_7 = 0.4755077658303465 
macro_f1_7 = 0.42372013360699273 

Epoch - 8 Train-Loss : 0.6966325595814447

Epoch - 8 Valid-Loss : 1.7806268226776538
micro_f1_8 = 0.47909199522102747 
macro_f1_8 = 0.4273985114874922 
Overfitting detected
Changed learning rate to 1.0000000000000002e-06
learning rate re-reduced..

Epoch - 9 Train-Loss : 0.6493007145259733

Epoch - 9 Valid-Loss : 1.7740164251702926
micro_f1_9 = 0.48984468339307047 
macro_f1_9 = 0.4357173938025106 

Epoch - 10 Train-Loss : 0.6174962733075376

Epoch - 10 Valid-Loss : 1.7722372770439112
micro_f1_10 = 0.4922341696535245 
macro_f1_10 = 0.4368440000427628 

Epoch - 11 Train-Loss : 0.5808806326053746

Epoch - 11 Valid-Loss : 1.785630004462226
micro_f1_11 = 0.4982078853046595 
macro_f1_11 = 0.4419975591893438 
Overfitting detected
training is terminating so as to prevent further overfitting
(2, 3)
2
Experiment's attempt changed to : 5
