80
(2000, 7)
audio_files length:2000
loadin mel-spectograms..
features are loaded
cpu
model initialized...
attempt is already initialized
Experiment's _80 attempt no_ : 2
Train started..
Traceback (most recent call last):
  File "/mnt/scratch_a/users/m/melissap/code/exps/esc50/2.flat/main.py", line 91, in <module>
    train.train(model, loss_fn, train_loader, valid_loader, 
  File "/mnt/scratch_a/users/m/melissap/code/exps/esc50/2.flat/train.py", line 58, in train
    y_hat = model(x) 
  File "/mnt/scratch_a/users/m/melissap/melEnv/lib/python3.8/site-packages/torch/nn/modules/module.py", line 550, in __call__
    result = self.forward(*input, **kwargs)
  File "/mnt/scratch_a/users/m/melissap/code/exps/esc50/2.flat/models.py", line 226, in forward
    x = self.conv1(x)
  File "/mnt/scratch_a/users/m/melissap/melEnv/lib/python3.8/site-packages/torch/nn/modules/module.py", line 550, in __call__
    result = self.forward(*input, **kwargs)
  File "/mnt/scratch_a/users/m/melissap/melEnv/lib/python3.8/site-packages/torch/nn/modules/conv.py", line 349, in forward
    return self._conv_forward(input, self.weight)
  File "/mnt/scratch_a/users/m/melissap/melEnv/lib/python3.8/site-packages/torch/nn/modules/conv.py", line 345, in _conv_forward
    return F.conv2d(input, weight, self.bias, self.stride,
RuntimeError: Expected 4-dimensional input for 4-dimensional weight [32, 1, 3, 3], but got 3-dimensional input of size [16, 1, 34480] instead
