128
(2000, 7)
audio_files length:2000
loadin mel-spectograms..
features are loaded
cpu
model initialized...
Experiment's attempt no_ : 1
Train started..

Epoch - 1 Train-Loss : 3.928574936389923

Epoch - 1 Valid-Loss : 3.798735237121582
micro_f1_1 = 0.0725 
macro_f1_1 = 0.033808182788114066 

Epoch - 2 Train-Loss : 3.683440806865692

Epoch - 2 Valid-Loss : 3.706978425979614
micro_f1_2 = 0.1025 
macro_f1_2 = 0.05703308982395136 

Epoch - 3 Train-Loss : 3.529682447910309

Epoch - 3 Valid-Loss : 3.6376898288726807
micro_f1_3 = 0.1275 
macro_f1_3 = 0.08234905248118593 

Epoch - 4 Train-Loss : 3.4037675762176516

Epoch - 4 Valid-Loss : 3.5419935512542726
micro_f1_4 = 0.15 
macro_f1_4 = 0.09812646210023052 

Epoch - 5 Train-Loss : 3.2959789490699767

Epoch - 5 Valid-Loss : 3.4826143836975096
micro_f1_5 = 0.15 
macro_f1_5 = 0.104743536824653 

Epoch - 6 Train-Loss : 3.176024832725525

Epoch - 6 Valid-Loss : 3.4172769927978517
micro_f1_6 = 0.15 
macro_f1_6 = 0.0959822248392286 

Epoch - 7 Train-Loss : 3.0804244542121886

Epoch - 7 Valid-Loss : 3.3478269958496094
micro_f1_7 = 0.175 
macro_f1_7 = 0.12921423816308727 

Epoch - 8 Train-Loss : 2.995719232559204

Epoch - 8 Valid-Loss : 3.2894874000549317
micro_f1_8 = 0.175 
macro_f1_8 = 0.12294816734353901 

Epoch - 9 Train-Loss : 2.911768069267273

Epoch - 9 Valid-Loss : 3.2711518573760987
micro_f1_9 = 0.17 
macro_f1_9 = 0.12147114051704216 

Epoch - 10 Train-Loss : 2.8401648807525635

Epoch - 10 Valid-Loss : 3.1584856033325197
micro_f1_10 = 0.205 
macro_f1_10 = 0.16189353905959528 

Epoch - 11 Train-Loss : 2.742168056964874

Epoch - 11 Valid-Loss : 3.1385193824768067
micro_f1_11 = 0.20999999999999996 
macro_f1_11 = 0.16659317072049246 

Epoch - 12 Train-Loss : 2.6835991311073304

Epoch - 12 Valid-Loss : 3.019090576171875
micro_f1_12 = 0.24 
macro_f1_12 = 0.18951861586281984 

Epoch - 13 Train-Loss : 2.598158544301987

Epoch - 13 Valid-Loss : 2.9678868579864504
micro_f1_13 = 0.27 
macro_f1_13 = 0.22138689428047337 

Epoch - 14 Train-Loss : 2.516520438194275

Epoch - 14 Valid-Loss : 2.9710019969940187
micro_f1_14 = 0.245 
macro_f1_14 = 0.19522669616677227 
Overfitting detected

Epoch - 15 Train-Loss : 2.432222616672516

Epoch - 15 Valid-Loss : 2.862683696746826
micro_f1_15 = 0.265 
macro_f1_15 = 0.21563807280622663 

Epoch - 16 Train-Loss : 2.3224862360954286

Epoch - 16 Valid-Loss : 2.7841507816314697
micro_f1_16 = 0.2825 
macro_f1_16 = 0.22666816517544533 

Epoch - 17 Train-Loss : 2.3005463004112245

Epoch - 17 Valid-Loss : 2.801984567642212
micro_f1_17 = 0.2875 
macro_f1_17 = 0.23156029509000647 
Overfitting detected
Changed learning rate to 1.0000000000000002e-06
learning rate reduced..

Epoch - 18 Train-Loss : 2.233839888572693

Epoch - 18 Valid-Loss : 2.749895076751709
micro_f1_18 = 0.2975 
macro_f1_18 = 0.23908798998090577 

Epoch - 19 Train-Loss : 2.237760145664215

Epoch - 19 Valid-Loss : 2.7435616493225097
micro_f1_19 = 0.3025 
macro_f1_19 = 0.24986736588039385 

Epoch - 20 Train-Loss : 2.2370342409610746

Epoch - 20 Valid-Loss : 2.7972162628173827
micro_f1_20 = 0.285 
macro_f1_20 = 0.2286033587865146 
Overfitting detected
Changed learning rate to 1.0000000000000002e-06
learning rate re-reduced..

Epoch - 21 Train-Loss : 2.217189186811447

Epoch - 21 Valid-Loss : 2.7379200077056884
micro_f1_21 = 0.305 
macro_f1_21 = 0.24369391826322617 

Epoch - 22 Train-Loss : 2.2217390501499175

Epoch - 22 Valid-Loss : 2.675875663757324
micro_f1_22 = 0.2925 
macro_f1_22 = 0.24359402518747836 

Epoch - 23 Train-Loss : 2.2298626887798307

Epoch - 23 Valid-Loss : 2.7346953773498535
micro_f1_23 = 0.29 
macro_f1_23 = 0.23005294884199146 
Overfitting detected
training is terminating so as to prevent further overfitting
                         5
validation_fold:          
micro_f1          0.290039
macro_f1          0.230103
params                 inf
params = 2984754
params2 =  2984754
Experiment's attempt changed to : 2
