128
(2000, 7)
audio_files length:2000
loadin mel-spectograms..
features are loaded
cpu
model initialized...
attempt is already initialized
Experiment's _128 attempt no_ : 2
Train started..

Epoch - 1 Train-Loss : 3.522309124469757

Epoch - 1 Valid-Loss : 3.2260372161865236
micro_f1_1 = 0.245 
macro_f1_1 = 0.19021928768399354 

Epoch - 2 Train-Loss : 3.0068012356758116

Epoch - 2 Valid-Loss : 2.9350297546386717
micro_f1_2 = 0.2875 
macro_f1_2 = 0.23874772486942875 

Epoch - 3 Train-Loss : 2.708966031074524

Epoch - 3 Valid-Loss : 2.726710166931152
micro_f1_3 = 0.3425 
macro_f1_3 = 0.28508652200284074 

Epoch - 4 Train-Loss : 2.4901293408870697

Epoch - 4 Valid-Loss : 2.516190586090088
micro_f1_4 = 0.36499999999999994 
macro_f1_4 = 0.31753052343676924 

Epoch - 5 Train-Loss : 2.289488810300827

Epoch - 5 Valid-Loss : 2.3664927816390993
micro_f1_5 = 0.4000000000000001 
macro_f1_5 = 0.35614939042949545 

Epoch - 6 Train-Loss : 2.1320977771282195

Epoch - 6 Valid-Loss : 2.243826379776001
micro_f1_6 = 0.4225 
macro_f1_6 = 0.37880733263350314 

Epoch - 7 Train-Loss : 2.0076091396808624

Epoch - 7 Valid-Loss : 2.179978609085083
micro_f1_7 = 0.45 
macro_f1_7 = 0.41379140415827725 

Epoch - 8 Train-Loss : 1.8620346009731292

Epoch - 8 Valid-Loss : 2.072396216392517
micro_f1_8 = 0.4675 
macro_f1_8 = 0.426164362751349 

Epoch - 9 Train-Loss : 1.7618266105651856

Epoch - 9 Valid-Loss : 1.9656134605407716
micro_f1_9 = 0.5075 
macro_f1_9 = 0.4731971040251831 

Epoch - 10 Train-Loss : 1.6588063359260559

Epoch - 10 Valid-Loss : 1.8971931886672975
micro_f1_10 = 0.4775 
macro_f1_10 = 0.4342868038623456 

Epoch - 11 Train-Loss : 1.5562902760505677

Epoch - 11 Valid-Loss : 1.8415074396133422
micro_f1_11 = 0.505 
macro_f1_11 = 0.46998297162074254 

Epoch - 12 Train-Loss : 1.5082682436704635

Epoch - 12 Valid-Loss : 1.7667389488220215
micro_f1_12 = 0.54 
macro_f1_12 = 0.51667746391895 

Epoch - 13 Train-Loss : 1.432319095134735

Epoch - 13 Valid-Loss : 1.7058176803588867
micro_f1_13 = 0.5275 
macro_f1_13 = 0.48905136679924666 

Epoch - 14 Train-Loss : 1.3631609749794007

Epoch - 14 Valid-Loss : 1.7269503259658814
micro_f1_14 = 0.5375 
macro_f1_14 = 0.5081756584316955 
Overfitting detected

Epoch - 15 Train-Loss : 1.2791114354133606

Epoch - 15 Valid-Loss : 1.6382692337036133
micro_f1_15 = 0.57 
macro_f1_15 = 0.5438575667803855 

Epoch - 16 Train-Loss : 1.2545889353752135

Epoch - 16 Valid-Loss : 1.6236965608596803
micro_f1_16 = 0.565 
macro_f1_16 = 0.5348592699470948 

Epoch - 17 Train-Loss : 1.1723768669366836

Epoch - 17 Valid-Loss : 1.564563856124878
micro_f1_17 = 0.5925 
macro_f1_17 = 0.5652110176164153 

Epoch - 18 Train-Loss : 1.1327669078111648

Epoch - 18 Valid-Loss : 1.532056040763855
micro_f1_18 = 0.5825 
macro_f1_18 = 0.5605957718086941 

Epoch - 19 Train-Loss : 1.1008216047286987

Epoch - 19 Valid-Loss : 1.5156002354621887
micro_f1_19 = 0.585 
macro_f1_19 = 0.5666752245003018 

Epoch - 20 Train-Loss : 1.0547605484724045

Epoch - 20 Valid-Loss : 1.5202216172218324
micro_f1_20 = 0.5875 
macro_f1_20 = 0.5588567373459015 
Overfitting detected
Changed learning rate to 1.0000000000000002e-06
learning rate reduced..

Epoch - 21 Train-Loss : 0.9821077904105187

Epoch - 21 Valid-Loss : 1.471615126132965
micro_f1_21 = 0.6 
macro_f1_21 = 0.5731665742612033 

Epoch - 22 Train-Loss : 0.9747109025716781

Epoch - 22 Valid-Loss : 1.4447330737113953
micro_f1_22 = 0.615 
macro_f1_22 = 0.5881796024752681 

Epoch - 23 Train-Loss : 0.9594555687904358

Epoch - 23 Valid-Loss : 1.4495759725570678
micro_f1_23 = 0.605 
macro_f1_23 = 0.5790049271334101 
Overfitting detected
Changed learning rate to 1.0000000000000002e-06
learning rate re-reduced..

Epoch - 24 Train-Loss : 0.9583134180307389

Epoch - 24 Valid-Loss : 1.4406563329696656
micro_f1_24 = 0.6175 
macro_f1_24 = 0.5895797252731564 

Epoch - 25 Train-Loss : 0.9595495122671127

Epoch - 25 Valid-Loss : 1.4399341988563537
micro_f1_25 = 0.6075 
macro_f1_25 = 0.5788309157302965 

Epoch - 26 Train-Loss : 0.9553549635410309

Epoch - 26 Valid-Loss : 1.4385709500312804
micro_f1_26 = 0.6025 
macro_f1_26 = 0.5775149671449981 

Epoch - 27 Train-Loss : 0.9509047681093216

Epoch - 27 Valid-Loss : 1.4406912875175477
micro_f1_27 = 0.6075 
macro_f1_27 = 0.5809440109702595 
Overfitting detected
training is terminating so as to prevent further overfitting
                         5
validation_fold:          
micro_f1          0.607422
macro_f1          0.581055
params                 inf
params = 2445490
Experiment's attempt changed to : 3
