128
(2000, 7)
audio_files length:2000
loadin mel-spectograms..
features are loaded
cpu
model initialized...
attempt is already initialized
Experiment's _128 attempt no_ : 2
Train started..

Epoch - 1 Train-Loss : 3.5479450535774233

Epoch - 1 Valid-Loss : 3.263720073699951
micro_f1_1 = 0.2175 
macro_f1_1 = 0.16320283443369094 

Epoch - 2 Train-Loss : 3.052144329547882

Epoch - 2 Valid-Loss : 2.9684954833984376
micro_f1_2 = 0.305 
macro_f1_2 = 0.2636586842664572 

Epoch - 3 Train-Loss : 2.7647709131240843

Epoch - 3 Valid-Loss : 2.7531714153289797
micro_f1_3 = 0.3325 
macro_f1_3 = 0.2980509081914765 

Epoch - 4 Train-Loss : 2.5448654079437256

Epoch - 4 Valid-Loss : 2.607608604431152
micro_f1_4 = 0.36250000000000004 
macro_f1_4 = 0.3243632200520646 

Epoch - 5 Train-Loss : 2.355166850090027

Epoch - 5 Valid-Loss : 2.458474702835083
micro_f1_5 = 0.3875 
macro_f1_5 = 0.33449483414189296 

Epoch - 6 Train-Loss : 2.1882839906215668

Epoch - 6 Valid-Loss : 2.33002658367157
micro_f1_6 = 0.4075 
macro_f1_6 = 0.36067393938079095 

Epoch - 7 Train-Loss : 2.0382751309871674

Epoch - 7 Valid-Loss : 2.1993179512023926
micro_f1_7 = 0.4425 
macro_f1_7 = 0.4005136137853462 

Epoch - 8 Train-Loss : 1.931236834526062

Epoch - 8 Valid-Loss : 2.091846675872803
micro_f1_8 = 0.4575 
macro_f1_8 = 0.41493095232292965 

Epoch - 9 Train-Loss : 1.8004656505584717

Epoch - 9 Valid-Loss : 2.0235091161727907
micro_f1_9 = 0.47500000000000003 
macro_f1_9 = 0.4414665714402556 

Epoch - 10 Train-Loss : 1.6938028240203857

Epoch - 10 Valid-Loss : 1.9398703145980836
micro_f1_10 = 0.5025 
macro_f1_10 = 0.4691214513235378 

Epoch - 11 Train-Loss : 1.6148282301425934

Epoch - 11 Valid-Loss : 1.8643270874023437
micro_f1_11 = 0.5025 
macro_f1_11 = 0.4669348391486768 

Epoch - 12 Train-Loss : 1.534656801223755

Epoch - 12 Valid-Loss : 1.8248988008499145
micro_f1_12 = 0.5 
macro_f1_12 = 0.4605826018574437 

Epoch - 13 Train-Loss : 1.4428942877054214

Epoch - 13 Valid-Loss : 1.7493428993225097
micro_f1_13 = 0.5225 
macro_f1_13 = 0.49187930735962676 

Epoch - 14 Train-Loss : 1.3721784096956253

Epoch - 14 Valid-Loss : 1.6963227033615111
micro_f1_14 = 0.555 
macro_f1_14 = 0.5325341354103637 

Epoch - 15 Train-Loss : 1.3050703012943268

Epoch - 15 Valid-Loss : 1.6583810186386108
micro_f1_15 = 0.565 
macro_f1_15 = 0.5381706789942085 

Epoch - 16 Train-Loss : 1.2473026353120804

Epoch - 16 Valid-Loss : 1.592295401096344
micro_f1_16 = 0.575 
macro_f1_16 = 0.5486012340630458 

Epoch - 17 Train-Loss : 1.2091035652160644

Epoch - 17 Valid-Loss : 1.5949653387069702
micro_f1_17 = 0.5525 
macro_f1_17 = 0.5286713049363204 
Overfitting detected

Epoch - 18 Train-Loss : 1.1270219534635544

Epoch - 18 Valid-Loss : 1.547051692008972
micro_f1_18 = 0.585 
macro_f1_18 = 0.559677638988044 

Epoch - 19 Train-Loss : 1.0815569955110549

Epoch - 19 Valid-Loss : 1.5029827928543091
micro_f1_19 = 0.585 
macro_f1_19 = 0.5628333461630675 

Epoch - 20 Train-Loss : 1.033102995157242

Epoch - 20 Valid-Loss : 1.466522035598755
micro_f1_20 = 0.605 
macro_f1_20 = 0.5788693298669741 

Epoch - 21 Train-Loss : 0.9919203996658326

Epoch - 21 Valid-Loss : 1.430110013484955
micro_f1_21 = 0.6175 
macro_f1_21 = 0.5981643541469225 

Epoch - 22 Train-Loss : 0.9547163426876069

Epoch - 22 Valid-Loss : 1.4048312568664552
micro_f1_22 = 0.63 
macro_f1_22 = 0.6103433295141466 

Epoch - 23 Train-Loss : 0.9348924657702447

Epoch - 23 Valid-Loss : 1.4050492596626283
micro_f1_23 = 0.63 
macro_f1_23 = 0.6093295202476788 
Overfitting detected
Changed learning rate to 1.0000000000000002e-06
learning rate reduced..

Epoch - 24 Train-Loss : 0.8751067724823952

Epoch - 24 Valid-Loss : 1.3533256506919862
micro_f1_24 = 0.6375 
macro_f1_24 = 0.6168414200178906 

Epoch - 25 Train-Loss : 0.8585268789529801

Epoch - 25 Valid-Loss : 1.3573277330398559
micro_f1_25 = 0.645 
macro_f1_25 = 0.626359077970533 
Overfitting detected
Changed learning rate to 1.0000000000000002e-06
learning rate re-reduced..

Epoch - 26 Train-Loss : 0.8566663193702698

Epoch - 26 Valid-Loss : 1.3552857255935669
micro_f1_26 = 0.64 
macro_f1_26 = 0.6207512234180023 

Epoch - 27 Train-Loss : 0.8347190767526627

Epoch - 27 Valid-Loss : 1.36109543800354
micro_f1_27 = 0.645 
macro_f1_27 = 0.6247264957264957 
Overfitting detected
training is terminating so as to prevent further overfitting
params = 2445490
Experiment's attempt changed to : 4
