128
(2000, 7)
audio_files length:2000
loadin mel-spectograms..
features are loaded
cpu
model initialized...
Experiment's attempt no_ : 1
Train started..

Epoch - 1 Train-Loss : 3.658169710636139

Epoch - 1 Valid-Loss : 3.088572549819946
micro_f1_1 = 0.2525 
macro_f1_1 = 0.20246448299033942 

Epoch - 2 Train-Loss : 2.8234319162368773

Epoch - 2 Valid-Loss : 2.682255992889404
micro_f1_2 = 0.32 
macro_f1_2 = 0.27853227907478584 

Epoch - 3 Train-Loss : 2.1933425676822664

Epoch - 3 Valid-Loss : 2.261008219718933
micro_f1_3 = 0.425 
macro_f1_3 = 0.3855374093189681 

Epoch - 4 Train-Loss : 1.6645253503322601

Epoch - 4 Valid-Loss : 2.1468909931182862
micro_f1_4 = 0.4375 
macro_f1_4 = 0.41158039799169593 

Epoch - 5 Train-Loss : 1.3010496294498444

Epoch - 5 Valid-Loss : 2.006947407722473
micro_f1_5 = 0.4825 
macro_f1_5 = 0.45194912282992783 

Epoch - 6 Train-Loss : 0.9229121080040932

Epoch - 6 Valid-Loss : 1.8608993363380433
micro_f1_6 = 0.52 
macro_f1_6 = 0.5037884747130945 

Epoch - 7 Train-Loss : 0.6989448976516723

Epoch - 7 Valid-Loss : 1.800769534111023
micro_f1_7 = 0.5325 
macro_f1_7 = 0.5197902736239854 

Epoch - 8 Train-Loss : 0.5402498319745064

Epoch - 8 Valid-Loss : 1.745811367034912
micro_f1_8 = 0.55 
macro_f1_8 = 0.5267951100854077 

Epoch - 9 Train-Loss : 0.4134794194996357

Epoch - 9 Valid-Loss : 1.677256875038147
micro_f1_9 = 0.5775 
macro_f1_9 = 0.5591278036511581 

Epoch - 10 Train-Loss : 0.33314155422151087

Epoch - 10 Valid-Loss : 1.6846168994903565
micro_f1_10 = 0.55 
macro_f1_10 = 0.5304065696631183 
Overfitting detected

Epoch - 11 Train-Loss : 0.25556405875831845

Epoch - 11 Valid-Loss : 1.639321150779724
micro_f1_11 = 0.5775 
macro_f1_11 = 0.5581880670467964 

Epoch - 12 Train-Loss : 0.1964194255694747

Epoch - 12 Valid-Loss : 1.6537609148025512
micro_f1_12 = 0.5475 
macro_f1_12 = 0.5314296231505142 
Overfitting detected
Changed learning rate to 1.0000000000000002e-06
learning rate reduced..

Epoch - 13 Train-Loss : 0.17735338263213635

Epoch - 13 Valid-Loss : 1.590687599182129
micro_f1_13 = 0.575 
macro_f1_13 = 0.5579251457177153 

Epoch - 14 Train-Loss : 0.1394983734190464

Epoch - 14 Valid-Loss : 1.564160370826721
micro_f1_14 = 0.6 
macro_f1_14 = 0.5859574665100981 

Epoch - 15 Train-Loss : 0.1478431513905525

Epoch - 15 Valid-Loss : 1.5530462217330934
micro_f1_15 = 0.6 
macro_f1_15 = 0.582482699275269 

Epoch - 16 Train-Loss : 0.1295300544425845

Epoch - 16 Valid-Loss : 1.549158389568329
micro_f1_16 = 0.605 
macro_f1_16 = 0.5917515800333137 

Epoch - 17 Train-Loss : 0.13000629376620054

Epoch - 17 Valid-Loss : 1.566679756641388
micro_f1_17 = 0.58 
macro_f1_17 = 0.5628297742848826 
Overfitting detected
Changed learning rate to 1.0000000000000002e-06
learning rate re-reduced..

Epoch - 18 Train-Loss : 0.1260778433084488

Epoch - 18 Valid-Loss : 1.5519594526290894
micro_f1_18 = 0.59 
macro_f1_18 = 0.5740033432339934 

Epoch - 19 Train-Loss : 0.12110639251768589

Epoch - 19 Valid-Loss : 1.54799827337265
micro_f1_19 = 0.5925 
macro_f1_19 = 0.5751294989839881 

Epoch - 20 Train-Loss : 0.12035988861694932

Epoch - 20 Valid-Loss : 1.5863459205627441
micro_f1_20 = 0.565 
macro_f1_20 = 0.5458621875200822 
Overfitting detected
training is terminating so as to prevent further overfitting
                         5
validation_fold:          
micro_f1          0.564941
macro_f1          0.545898
params                 inf
params = 109743150
params2 =  109743150
Experiment's attempt changed to : 2
