128
(2000, 7)
audio_files length:2000
loadin mel-spectograms..
features are loaded
cpu
model initialized...
Experiment's attempt no_ : 1
Train started..

Epoch - 1 Train-Loss : 3.631158421039581

Epoch - 1 Valid-Loss : 2.9956247997283936
micro_f1_1 = 0.2075 
macro_f1_1 = 0.14944418019144887 

Epoch - 2 Train-Loss : 2.7797503209114076

Epoch - 2 Valid-Loss : 2.5547494316101074
micro_f1_2 = 0.3575 
macro_f1_2 = 0.32788831636200055 

Epoch - 3 Train-Loss : 2.19403533577919

Epoch - 3 Valid-Loss : 2.283124260902405
micro_f1_3 = 0.45 
macro_f1_3 = 0.42743932127956896 

Epoch - 4 Train-Loss : 1.5969567358493806

Epoch - 4 Valid-Loss : 2.0457065296173096
micro_f1_4 = 0.53 
macro_f1_4 = 0.5023408293595398 

Epoch - 5 Train-Loss : 1.2005190366506577

Epoch - 5 Valid-Loss : 1.865127067565918
micro_f1_5 = 0.5325 
macro_f1_5 = 0.5114528386989687 

Epoch - 6 Train-Loss : 0.8435645774006844

Epoch - 6 Valid-Loss : 1.7956144094467164
micro_f1_6 = 0.52 
macro_f1_6 = 0.4847550415106261 

Epoch - 7 Train-Loss : 0.6499286310374737

Epoch - 7 Valid-Loss : 1.6863915944099426
micro_f1_7 = 0.565 
macro_f1_7 = 0.5461766365729214 

Epoch - 8 Train-Loss : 0.4732792146503925

Epoch - 8 Valid-Loss : 1.6551650381088256
micro_f1_8 = 0.59 
macro_f1_8 = 0.57221324797755 

Epoch - 9 Train-Loss : 0.34409775674343107

Epoch - 9 Valid-Loss : 1.6030539608001708
micro_f1_9 = 0.59 
macro_f1_9 = 0.5684772573338328 

Epoch - 10 Train-Loss : 0.2889202674478292

Epoch - 10 Valid-Loss : 1.6054539060592652
micro_f1_10 = 0.5825 
macro_f1_10 = 0.5747465181876946 
Overfitting detected

Epoch - 11 Train-Loss : 0.21999433491379022

Epoch - 11 Valid-Loss : 1.5718411374092103
micro_f1_11 = 0.6025 
macro_f1_11 = 0.5862810326081291 

Epoch - 12 Train-Loss : 0.18992068782448768

Epoch - 12 Valid-Loss : 1.5356017780303954
micro_f1_12 = 0.6 
macro_f1_12 = 0.584062902835039 

Epoch - 13 Train-Loss : 0.15127178013324738

Epoch - 13 Valid-Loss : 1.625934898853302
micro_f1_13 = 0.5725 
macro_f1_13 = 0.5406073852561941 
Overfitting detected
Changed learning rate to 1.0000000000000002e-06
learning rate reduced..

Epoch - 14 Train-Loss : 0.13335036650300025

Epoch - 14 Valid-Loss : 1.515842535495758
micro_f1_14 = 0.6175 
macro_f1_14 = 0.5926354258057045 

Epoch - 15 Train-Loss : 0.11138692279346288

Epoch - 15 Valid-Loss : 1.4917337203025818
micro_f1_15 = 0.6125 
macro_f1_15 = 0.591799555518441 

Epoch - 16 Train-Loss : 0.09119234113022685

Epoch - 16 Valid-Loss : 1.4801446890830994
micro_f1_16 = 0.61 
macro_f1_16 = 0.5883709082305798 

Epoch - 17 Train-Loss : 0.0952631376683712

Epoch - 17 Valid-Loss : 1.474866509437561
micro_f1_17 = 0.62 
macro_f1_17 = 0.5987080470269324 

Epoch - 18 Train-Loss : 0.09705691482871771

Epoch - 18 Valid-Loss : 1.4736040592193604
micro_f1_18 = 0.62 
macro_f1_18 = 0.5996814735420873 

Epoch - 19 Train-Loss : 0.08195543868467212

Epoch - 19 Valid-Loss : 1.482073233127594
micro_f1_19 = 0.61 
macro_f1_19 = 0.5893170355616175 
Overfitting detected
Changed learning rate to 1.0000000000000002e-06
learning rate re-reduced..

Epoch - 20 Train-Loss : 0.08579675496555865

Epoch - 20 Valid-Loss : 1.4658221197128296
micro_f1_20 = 0.61 
macro_f1_20 = 0.5899064975720649 

Epoch - 21 Train-Loss : 0.08956488133408129

Epoch - 21 Valid-Loss : 1.4894082927703858
micro_f1_21 = 0.6025 
macro_f1_21 = 0.5850491204701731 
Overfitting detected
training is terminating so as to prevent further overfitting
params = 109743150
params2 =  109743150
Experiment's attempt changed to : 2
