128
(2000, 7)
audio_files length:2000
loadin mel-spectograms..
features are loaded
cpu
model initialized...
Experiment's attempt no_ : 1
Train started..

Epoch - 1 Train-Loss : 3.5795671939849854

Epoch - 1 Valid-Loss : 3.017068681716919
micro_f1_1 = 0.2225 
macro_f1_1 = 0.16617542166193996 

Epoch - 2 Train-Loss : 2.7374054098129275

Epoch - 2 Valid-Loss : 2.5380731296539305
micro_f1_2 = 0.3325 
macro_f1_2 = 0.293269185787249 

Epoch - 3 Train-Loss : 2.0575294172763825

Epoch - 3 Valid-Loss : 2.186738858222961
micro_f1_3 = 0.41999999999999993 
macro_f1_3 = 0.3808929634019138 

Epoch - 4 Train-Loss : 1.4851612228155135

Epoch - 4 Valid-Loss : 1.9697611713409424
micro_f1_4 = 0.49 
macro_f1_4 = 0.4637575377664219 

Epoch - 5 Train-Loss : 1.068181971013546

Epoch - 5 Valid-Loss : 1.890444540977478
micro_f1_5 = 0.48 
macro_f1_5 = 0.4597703050204918 

Epoch - 6 Train-Loss : 0.7393507796525955

Epoch - 6 Valid-Loss : 1.6785614681243897
micro_f1_6 = 0.5525 
macro_f1_6 = 0.5416763470447681 

Epoch - 7 Train-Loss : 0.5558691576123238

Epoch - 7 Valid-Loss : 1.6592441892623901
micro_f1_7 = 0.5525 
macro_f1_7 = 0.538185694407595 

Epoch - 8 Train-Loss : 0.41971208587288855

Epoch - 8 Valid-Loss : 1.656132035255432
micro_f1_8 = 0.53 
macro_f1_8 = 0.5089084845055319 

Epoch - 9 Train-Loss : 0.32480679869651796

Epoch - 9 Valid-Loss : 1.6047056531906128
micro_f1_9 = 0.5825 
macro_f1_9 = 0.566741082173536 

Epoch - 10 Train-Loss : 0.2530810257792473

Epoch - 10 Valid-Loss : 1.5898633742332458
micro_f1_10 = 0.5575 
macro_f1_10 = 0.5539025273390599 

Epoch - 11 Train-Loss : 0.18407122064381837

Epoch - 11 Valid-Loss : 1.577068135738373
micro_f1_11 = 0.55 
macro_f1_11 = 0.533086564229208 

Epoch - 12 Train-Loss : 0.1560122711956501

Epoch - 12 Valid-Loss : 1.6310991477966308
micro_f1_12 = 0.545 
macro_f1_12 = 0.5237071070483094 
Overfitting detected

Epoch - 13 Train-Loss : 0.12026544595137238

Epoch - 13 Valid-Loss : 1.5696300101280212
micro_f1_13 = 0.5775 
macro_f1_13 = 0.562420101432795 

Epoch - 14 Train-Loss : 0.10524044048041105

Epoch - 14 Valid-Loss : 1.5563908457756042
micro_f1_14 = 0.5825 
macro_f1_14 = 0.562685999930582 

Epoch - 15 Train-Loss : 0.09990825690329075

Epoch - 15 Valid-Loss : 1.5189820861816405
micro_f1_15 = 0.595 
macro_f1_15 = 0.5921686744528312 

Epoch - 16 Train-Loss : 0.0872978152986616

Epoch - 16 Valid-Loss : 1.4860638284683227
micro_f1_16 = 0.585 
macro_f1_16 = 0.5731181725051695 

Epoch - 17 Train-Loss : 0.06392623541876674

Epoch - 17 Valid-Loss : 1.5206925320625304
micro_f1_17 = 0.5725 
macro_f1_17 = 0.5601023639941579 
Overfitting detected
Changed learning rate to 1.0000000000000002e-06
learning rate reduced..

Epoch - 18 Train-Loss : 0.05566751423291862

Epoch - 18 Valid-Loss : 1.4847035431861877
micro_f1_18 = 0.585 
macro_f1_18 = 0.574247421578287 

Epoch - 19 Train-Loss : 0.04506972725968808

Epoch - 19 Valid-Loss : 1.4728613233566283
micro_f1_19 = 0.585 
macro_f1_19 = 0.5738863744726579 

Epoch - 20 Train-Loss : 0.042602594112977385

Epoch - 20 Valid-Loss : 1.4673782253265382
micro_f1_20 = 0.58 
macro_f1_20 = 0.5735665990281685 

Epoch - 21 Train-Loss : 0.038071871176362036

Epoch - 21 Valid-Loss : 1.4578875041007995
micro_f1_21 = 0.5975 
macro_f1_21 = 0.5913783451857217 

Epoch - 22 Train-Loss : 0.03901133408304304

Epoch - 22 Valid-Loss : 1.4537939167022704
micro_f1_22 = 0.6 
macro_f1_22 = 0.5927822416661427 

Epoch - 23 Train-Loss : 0.049439579946920276

Epoch - 23 Valid-Loss : 1.4549136233329774
micro_f1_23 = 0.6025 
macro_f1_23 = 0.593601673113384 
Overfitting detected
Changed learning rate to 1.0000000000000002e-06
learning rate re-reduced..

Epoch - 24 Train-Loss : 0.03637671639211476

Epoch - 24 Valid-Loss : 1.4421361923217773
micro_f1_24 = 0.6025 
macro_f1_24 = 0.5921081061368448 

Epoch - 25 Train-Loss : 0.03705454126466066

Epoch - 25 Valid-Loss : 1.4539514875411987
micro_f1_25 = 0.6025 
macro_f1_25 = 0.5928647908678869 
Overfitting detected
training is terminating so as to prevent further overfitting
params = 109743150
params2 =  109743150
Experiment's attempt changed to : 2
