80
(2000, 7)
audio_files length:2000
loadin mel-spectograms..
features are loaded
cpu
model initialized...
Experiment's attempt no_ : 1
Train started..

Epoch - 1 Train-Loss : 3.643726499080658

Epoch - 1 Valid-Loss : 3.1439351177215578
micro_f1_1 = 0.185 
macro_f1_1 = 0.1464945013388868 

Epoch - 2 Train-Loss : 2.8915704345703124

Epoch - 2 Valid-Loss : 2.6072777795791624
micro_f1_2 = 0.325 
macro_f1_2 = 0.2713998735369714 

Epoch - 3 Train-Loss : 2.2701717472076415

Epoch - 3 Valid-Loss : 2.3203905868530272
micro_f1_3 = 0.395 
macro_f1_3 = 0.3689575474409932 

Epoch - 4 Train-Loss : 1.7450371563434601

Epoch - 4 Valid-Loss : 2.1124993419647216
micro_f1_4 = 0.485 
macro_f1_4 = 0.46385178975325236 

Epoch - 5 Train-Loss : 1.3639692097902298

Epoch - 5 Valid-Loss : 1.9903068351745605
micro_f1_5 = 0.4725 
macro_f1_5 = 0.4456005553696091 

Epoch - 6 Train-Loss : 1.006755569577217

Epoch - 6 Valid-Loss : 1.8360037469863892
micro_f1_6 = 0.52 
macro_f1_6 = 0.5025574458595053 

Epoch - 7 Train-Loss : 0.797572349011898

Epoch - 7 Valid-Loss : 1.7927584648132324
micro_f1_7 = 0.5475 
macro_f1_7 = 0.5237120766432383 

Epoch - 8 Train-Loss : 0.6281662845611572

Epoch - 8 Valid-Loss : 1.7116656589508057
micro_f1_8 = 0.56 
macro_f1_8 = 0.5450872734077069 

Epoch - 9 Train-Loss : 0.48490990966558456

Epoch - 9 Valid-Loss : 1.6941225051879882
micro_f1_9 = 0.565 
macro_f1_9 = 0.5497527388675995 

Epoch - 10 Train-Loss : 0.3862428007274866

Epoch - 10 Valid-Loss : 1.650103578567505
micro_f1_10 = 0.5675 
macro_f1_10 = 0.5534076924107884 

Epoch - 11 Train-Loss : 0.3049306243658066

Epoch - 11 Valid-Loss : 1.5921003651618957
micro_f1_11 = 0.57 
macro_f1_11 = 0.5568739518135802 

Epoch - 12 Train-Loss : 0.2371264262497425

Epoch - 12 Valid-Loss : 1.6302999401092528
micro_f1_12 = 0.5775 
macro_f1_12 = 0.5670357895570575 
Overfitting detected

Epoch - 13 Train-Loss : 0.208257992900908

Epoch - 13 Valid-Loss : 1.5873687291145324
micro_f1_13 = 0.575 
macro_f1_13 = 0.5666671929347928 

Epoch - 14 Train-Loss : 0.1963218194246292

Epoch - 14 Valid-Loss : 1.6056792998313905
micro_f1_14 = 0.555 
macro_f1_14 = 0.5325251537801275 
Overfitting detected
Changed learning rate to 1.0000000000000002e-06
learning rate reduced..

Epoch - 15 Train-Loss : 0.14201204914599658

Epoch - 15 Valid-Loss : 1.553753719329834
micro_f1_15 = 0.5775 
macro_f1_15 = 0.5606741063486251 

Epoch - 16 Train-Loss : 0.1366736823320389

Epoch - 16 Valid-Loss : 1.5489997148513794
micro_f1_16 = 0.58 
macro_f1_16 = 0.5634255472769404 

Epoch - 17 Train-Loss : 0.11992970367893577

Epoch - 17 Valid-Loss : 1.5131562805175782
micro_f1_17 = 0.6 
macro_f1_17 = 0.5862297408473879 

Epoch - 18 Train-Loss : 0.11008734406903387

Epoch - 18 Valid-Loss : 1.505845046043396
micro_f1_18 = 0.59 
macro_f1_18 = 0.5784826011621678 

Epoch - 19 Train-Loss : 0.1107675365358591

Epoch - 19 Valid-Loss : 1.5081732535362244
micro_f1_19 = 0.6025 
macro_f1_19 = 0.5914635596601541 
Overfitting detected
Changed learning rate to 1.0000000000000002e-06
learning rate re-reduced..

Epoch - 20 Train-Loss : 0.1129675349406898

Epoch - 20 Valid-Loss : 1.5188716793060302
micro_f1_20 = 0.5825 
macro_f1_20 = 0.5710014452351914 
Overfitting detected
training is terminating so as to prevent further overfitting
                         5
validation_fold:          
micro_f1          0.582520
macro_f1          0.570801
params                 inf
params = 69039150
params2 =  69039150
Experiment's attempt changed to : 2
