128
(2000, 7)
audio_files length:2000
loadin mel-spectograms..
features are loaded
cpu
model initialized...
attempt is already initialized
Experiment's _128 attempt no_ : 2
Train started..

Epoch - 1 Train-Loss : 3.8390885949134828

Epoch - 1 Valid-Loss : 3.548599443435669
micro_f1_1 = 0.19249999999999998 
macro_f1_1 = 0.12751443217149577 

Epoch - 2 Train-Loss : 3.473331892490387

Epoch - 2 Valid-Loss : 3.258404264450073
micro_f1_2 = 0.2275 
macro_f1_2 = 0.15596776658802172 

Epoch - 3 Train-Loss : 3.199796164035797

Epoch - 3 Valid-Loss : 3.0493792629241945
micro_f1_3 = 0.26 
macro_f1_3 = 0.20922774864865318 

Epoch - 4 Train-Loss : 2.974120078086853

Epoch - 4 Valid-Loss : 2.8206742286682127
micro_f1_4 = 0.3025 
macro_f1_4 = 0.25852838436480796 

Epoch - 5 Train-Loss : 2.7503790855407715

Epoch - 5 Valid-Loss : 2.6830679893493654
micro_f1_5 = 0.36 
macro_f1_5 = 0.30067379920000725 

Epoch - 6 Train-Loss : 2.593763682842255

Epoch - 6 Valid-Loss : 2.5417340183258057
micro_f1_6 = 0.4000000000000001 
macro_f1_6 = 0.3468427816293753 

Epoch - 7 Train-Loss : 2.4215210235118865

Epoch - 7 Valid-Loss : 2.4184265422821043
micro_f1_7 = 0.4175 
macro_f1_7 = 0.37645708521149357 

Epoch - 8 Train-Loss : 2.2678044855594637

Epoch - 8 Valid-Loss : 2.2968370485305787
micro_f1_8 = 0.4525 
macro_f1_8 = 0.43406287952337214 

Epoch - 9 Train-Loss : 2.1203925013542175

Epoch - 9 Valid-Loss : 2.1381890296936037
micro_f1_9 = 0.505 
macro_f1_9 = 0.46779770571929674 

Epoch - 10 Train-Loss : 1.9489633131027222

Epoch - 10 Valid-Loss : 2.062858338356018
micro_f1_10 = 0.505 
macro_f1_10 = 0.4618885084748188 

Epoch - 11 Train-Loss : 1.8627793276309967

Epoch - 11 Valid-Loss : 2.0239407920837404
micro_f1_11 = 0.51 
macro_f1_11 = 0.48127731857439754 

Epoch - 12 Train-Loss : 1.7487473094463348

Epoch - 12 Valid-Loss : 1.932621808052063
micro_f1_12 = 0.52 
macro_f1_12 = 0.4962596966306752 

Epoch - 13 Train-Loss : 1.6166538298130035

Epoch - 13 Valid-Loss : 1.8591412687301636
micro_f1_13 = 0.5225 
macro_f1_13 = 0.498506642330912 

Epoch - 14 Train-Loss : 1.5234811401367188

Epoch - 14 Valid-Loss : 1.776494927406311
micro_f1_14 = 0.55 
macro_f1_14 = 0.5301086095863723 

Epoch - 15 Train-Loss : 1.443360829949379

Epoch - 15 Valid-Loss : 1.6988619232177735
micro_f1_15 = 0.575 
macro_f1_15 = 0.5567574658227908 

Epoch - 16 Train-Loss : 1.332598967552185

Epoch - 16 Valid-Loss : 1.6535969829559327
micro_f1_16 = 0.56 
macro_f1_16 = 0.5394183249215151 

Epoch - 17 Train-Loss : 1.2782194483280183

Epoch - 17 Valid-Loss : 1.6539696311950685
micro_f1_17 = 0.57 
macro_f1_17 = 0.5476862449929485 
Overfitting detected

Epoch - 18 Train-Loss : 1.202547036409378

Epoch - 18 Valid-Loss : 1.5508001232147217
micro_f1_18 = 0.615 
macro_f1_18 = 0.5959969956657263 

Epoch - 19 Train-Loss : 1.1444203650951386

Epoch - 19 Valid-Loss : 1.5114801836013794
micro_f1_19 = 0.585 
macro_f1_19 = 0.5523137685919306 

Epoch - 20 Train-Loss : 1.0771458172798156

Epoch - 20 Valid-Loss : 1.4935952472686767
micro_f1_20 = 0.5975 
macro_f1_20 = 0.5787351238716564 

Epoch - 21 Train-Loss : 1.0374911585450173

Epoch - 21 Valid-Loss : 1.4374374556541443
micro_f1_21 = 0.6225 
macro_f1_21 = 0.6062781582471312 

Epoch - 22 Train-Loss : 0.9733662101626396

Epoch - 22 Valid-Loss : 1.4290202045440674
micro_f1_22 = 0.6225 
macro_f1_22 = 0.6084078644288362 

Epoch - 23 Train-Loss : 0.9001655796170235

Epoch - 23 Valid-Loss : 1.3978301572799683
micro_f1_23 = 0.6375 
macro_f1_23 = 0.6181367912983204 

Epoch - 24 Train-Loss : 0.8667444112896919

Epoch - 24 Valid-Loss : 1.3485563349723817
micro_f1_24 = 0.6325 
macro_f1_24 = 0.6264852524472786 

Epoch - 25 Train-Loss : 0.8064848509430885

Epoch - 25 Valid-Loss : 1.335085279941559
micro_f1_25 = 0.615 
macro_f1_25 = 0.5994997339090218 

Epoch - 26 Train-Loss : 0.7772996565699577

Epoch - 26 Valid-Loss : 1.3201710414886474
micro_f1_26 = 0.6325 
macro_f1_26 = 0.6147020783168312 

Epoch - 27 Train-Loss : 0.746315011382103

Epoch - 27 Valid-Loss : 1.292651252746582
micro_f1_27 = 0.6475 
macro_f1_27 = 0.6295077734443059 

Epoch - 28 Train-Loss : 0.6987816801667214

Epoch - 28 Valid-Loss : 1.2652625107765199
micro_f1_28 = 0.655 
macro_f1_28 = 0.641029976903042 

Epoch - 29 Train-Loss : 0.6506133210659027

Epoch - 29 Valid-Loss : 1.2255974864959718
micro_f1_29 = 0.665 
macro_f1_29 = 0.6482962627327953 

Epoch - 30 Train-Loss : 0.6120461350679398

Epoch - 30 Valid-Loss : 1.2423473906517029
micro_f1_30 = 0.65 
macro_f1_30 = 0.6418684744907653 
Overfitting detected
Changed learning rate to 1.0000000000000002e-06
learning rate reduced..

Epoch - 31 Train-Loss : 0.5831767058372498

Epoch - 31 Valid-Loss : 1.2187295866012573
micro_f1_31 = 0.6575 
macro_f1_31 = 0.6491694644402277 

Epoch - 32 Train-Loss : 0.5319946029782295

Epoch - 32 Valid-Loss : 1.2102466654777526
micro_f1_32 = 0.665 
macro_f1_32 = 0.6538615325163312 

Epoch - 33 Train-Loss : 0.5467151248455048

Epoch - 33 Valid-Loss : 1.1937172627449035
micro_f1_33 = 0.67 
macro_f1_33 = 0.6595300011306202 

Epoch - 34 Train-Loss : 0.5641448774933815

Epoch - 34 Valid-Loss : 1.210168161392212
micro_f1_34 = 0.6625 
macro_f1_34 = 0.6535423836569347 
Overfitting detected
Changed learning rate to 1.0000000000000002e-06
learning rate re-reduced..

Epoch - 35 Train-Loss : 0.5344470781087876

Epoch - 35 Valid-Loss : 1.2057086253166198
micro_f1_35 = 0.6625 
macro_f1_35 = 0.6486167652437002 

Epoch - 36 Train-Loss : 0.523717960268259

Epoch - 36 Valid-Loss : 1.1910607600212098
micro_f1_36 = 0.6625 
macro_f1_36 = 0.6514719587258287 

Epoch - 37 Train-Loss : 0.5386939732730389

Epoch - 37 Valid-Loss : 1.191320344209671
micro_f1_37 = 0.6675 
macro_f1_37 = 0.6539982805142988 
Overfitting detected
training is terminating so as to prevent further overfitting
Traceback (most recent call last):
  File "/mnt/scratch_a/users/m/melissap/code/exps/esc50/3.mel/main.py", line 91, in <module>
    train.train(model, loss_fn, train_loader, valid_loader, 
  File "/mnt/scratch_a/users/m/melissap/code/exps/esc50/3.mel/train.py", line 131, in train
    genres_filename = store.genres_filename(expid,mode,exp_attempt.get_attempt())
TypeError: genres_filename() takes 2 positional arguments but 3 were given
