80
(2000, 7)
audio_files length:2000
loadin mel-spectograms..
features are loaded
cpu
model initialized...
attempt is already initialized
Experiment's _80 attempt no_ : 2
Train started..

Epoch - 1 Train-Loss : 3.8640146613121034

Epoch - 1 Valid-Loss : 3.5866283702850343
micro_f1_1 = 0.135 
macro_f1_1 = 0.09899458046058812 

Epoch - 2 Train-Loss : 3.508974087238312

Epoch - 2 Valid-Loss : 3.298352451324463
micro_f1_2 = 0.23750000000000002 
macro_f1_2 = 0.18788073920690018 

Epoch - 3 Train-Loss : 3.199530055522919

Epoch - 3 Valid-Loss : 3.052502670288086
micro_f1_3 = 0.2975 
macro_f1_3 = 0.2587242170626071 

Epoch - 4 Train-Loss : 2.9388904976844787

Epoch - 4 Valid-Loss : 2.812346935272217
micro_f1_4 = 0.395 
macro_f1_4 = 0.3549502071216842 

Epoch - 5 Train-Loss : 2.750412504673004

Epoch - 5 Valid-Loss : 2.6510674953460693
micro_f1_5 = 0.445 
macro_f1_5 = 0.42135886542775763 

Epoch - 6 Train-Loss : 2.5452662456035613

Epoch - 6 Valid-Loss : 2.4472670269012453
micro_f1_6 = 0.47500000000000003 
macro_f1_6 = 0.44168445316718563 

Epoch - 7 Train-Loss : 2.3266655516624453

Epoch - 7 Valid-Loss : 2.3127295780181885
micro_f1_7 = 0.455 
macro_f1_7 = 0.4158909464325992 

Epoch - 8 Train-Loss : 2.187569715976715

Epoch - 8 Valid-Loss : 2.1746458530426027
micro_f1_8 = 0.5125 
macro_f1_8 = 0.4853937649579681 

Epoch - 9 Train-Loss : 2.0087456834316253

Epoch - 9 Valid-Loss : 2.061400418281555
micro_f1_9 = 0.5575 
macro_f1_9 = 0.5270413843438825 

Epoch - 10 Train-Loss : 1.8643631887435914

Epoch - 10 Valid-Loss : 1.9586560201644898
micro_f1_10 = 0.5575 
macro_f1_10 = 0.5252271000986171 

Epoch - 11 Train-Loss : 1.7265147352218628

Epoch - 11 Valid-Loss : 1.861032018661499
micro_f1_11 = 0.575 
macro_f1_11 = 0.547461750891755 

Epoch - 12 Train-Loss : 1.5823417258262635

Epoch - 12 Valid-Loss : 1.7467285442352294
micro_f1_12 = 0.5825 
macro_f1_12 = 0.5595452922752155 

Epoch - 13 Train-Loss : 1.4906730473041534

Epoch - 13 Valid-Loss : 1.680271782875061
micro_f1_13 = 0.6025 
macro_f1_13 = 0.5755321647392855 

Epoch - 14 Train-Loss : 1.43098826110363

Epoch - 14 Valid-Loss : 1.6405685329437256
micro_f1_14 = 0.5925 
macro_f1_14 = 0.5630472914710363 

Epoch - 15 Train-Loss : 1.3195553427934648

Epoch - 15 Valid-Loss : 1.6065886425971985
micro_f1_15 = 0.595 
macro_f1_15 = 0.5749199724566126 

Epoch - 16 Train-Loss : 1.222176713347435

Epoch - 16 Valid-Loss : 1.5350728464126586
micro_f1_16 = 0.5975 
macro_f1_16 = 0.5754781347247897 

Epoch - 17 Train-Loss : 1.1433984708786011

Epoch - 17 Valid-Loss : 1.474235692024231
micro_f1_17 = 0.6075 
macro_f1_17 = 0.5856330640463768 

Epoch - 18 Train-Loss : 1.0815181064605712

Epoch - 18 Valid-Loss : 1.4439131116867066
micro_f1_18 = 0.6375 
macro_f1_18 = 0.6092346327413632 

Epoch - 19 Train-Loss : 1.0103831332921982

Epoch - 19 Valid-Loss : 1.4336290597915649
micro_f1_19 = 0.64 
macro_f1_19 = 0.6211704221131465 

Epoch - 20 Train-Loss : 0.9802467501163483

Epoch - 20 Valid-Loss : 1.3665298676490785
micro_f1_20 = 0.6425 
macro_f1_20 = 0.6156566125240635 

Epoch - 21 Train-Loss : 0.9021199530363083

Epoch - 21 Valid-Loss : 1.3487599968910218
micro_f1_21 = 0.6475 
macro_f1_21 = 0.6263260736362096 

Epoch - 22 Train-Loss : 0.8374443480372429

Epoch - 22 Valid-Loss : 1.2920833349227905
micro_f1_22 = 0.67 
macro_f1_22 = 0.6503036510983071 

Epoch - 23 Train-Loss : 0.7922994759678841

Epoch - 23 Valid-Loss : 1.2704904913902282
micro_f1_23 = 0.66 
macro_f1_23 = 0.6366096304795995 

Epoch - 24 Train-Loss : 0.7701021757721901

Epoch - 24 Valid-Loss : 1.256000452041626
micro_f1_24 = 0.6725 
macro_f1_24 = 0.6601834201230485 

Epoch - 25 Train-Loss : 0.6981367772817612

Epoch - 25 Valid-Loss : 1.2441925120353698
micro_f1_25 = 0.6725 
macro_f1_25 = 0.6537245788267461 

Epoch - 26 Train-Loss : 0.6575357228517532

Epoch - 26 Valid-Loss : 1.2032791185379028
micro_f1_26 = 0.6675 
macro_f1_26 = 0.6514438245232429 

Epoch - 27 Train-Loss : 0.6140401005744934

Epoch - 27 Valid-Loss : 1.2040491724014282
micro_f1_27 = 0.685 
macro_f1_27 = 0.6748611677130992 
Overfitting detected

Epoch - 28 Train-Loss : 0.5836032642424107

Epoch - 28 Valid-Loss : 1.1787644410133362
micro_f1_28 = 0.7 
macro_f1_28 = 0.6894673499874737 

Epoch - 29 Train-Loss : 0.5431601810455322

Epoch - 29 Valid-Loss : 1.1655251944065095
micro_f1_29 = 0.685 
macro_f1_29 = 0.6706987895444619 

Epoch - 30 Train-Loss : 0.528751560151577

Epoch - 30 Valid-Loss : 1.1593176555633544
micro_f1_30 = 0.69 
macro_f1_30 = 0.6779478498647972 

Epoch - 31 Train-Loss : 0.5085110621154308

Epoch - 31 Valid-Loss : 1.150876977443695
micro_f1_31 = 0.6825 
macro_f1_31 = 0.6687991969044602 

Epoch - 32 Train-Loss : 0.47781948298215865

Epoch - 32 Valid-Loss : 1.130671238899231
micro_f1_32 = 0.7075 
macro_f1_32 = 0.6940442986322243 

Epoch - 33 Train-Loss : 0.4319159111380577

Epoch - 33 Valid-Loss : 1.108095428943634
micro_f1_33 = 0.695 
macro_f1_33 = 0.683053643332483 

Epoch - 34 Train-Loss : 0.41173567578196524

Epoch - 34 Valid-Loss : 1.0916479921340942
micro_f1_34 = 0.7225 
macro_f1_34 = 0.7131902397568031 

Epoch - 35 Train-Loss : 0.4044576704502106

Epoch - 35 Valid-Loss : 1.088698387145996
micro_f1_35 = 0.7100000000000001 
macro_f1_35 = 0.697403103933054 

Epoch - 36 Train-Loss : 0.3716962213814259

Epoch - 36 Valid-Loss : 1.0689103603363037
micro_f1_36 = 0.7175 
macro_f1_36 = 0.7059322371665218 

Epoch - 37 Train-Loss : 0.35468454264104365

Epoch - 37 Valid-Loss : 1.0442461013793944
micro_f1_37 = 0.7250000000000001 
macro_f1_37 = 0.7124944707854926 

Epoch - 38 Train-Loss : 0.354288891106844

Epoch - 38 Valid-Loss : 1.0501489305496217
micro_f1_38 = 0.7025 
macro_f1_38 = 0.6927573310762165 
Overfitting detected
Changed learning rate to 1.0000000000000002e-06
learning rate reduced..

Epoch - 39 Train-Loss : 0.2957349974662066

Epoch - 39 Valid-Loss : 1.0350762033462524
micro_f1_39 = 0.715 
macro_f1_39 = 0.7060695758318051 

Epoch - 40 Train-Loss : 0.3003509944304824

Epoch - 40 Valid-Loss : 1.0281659281253814
micro_f1_40 = 0.7125 
macro_f1_40 = 0.7024382444181206 

Epoch - 41 Train-Loss : 0.27335448399186135

Epoch - 41 Valid-Loss : 1.0222267985343934
micro_f1_41 = 0.7225 
macro_f1_41 = 0.7129934106828845 

Epoch - 42 Train-Loss : 0.2784753330051899

Epoch - 42 Valid-Loss : 1.0203710222244262
micro_f1_42 = 0.7299999999999999 
macro_f1_42 = 0.7211570376498362 

Epoch - 43 Train-Loss : 0.291537644341588

Epoch - 43 Valid-Loss : 1.0186011934280395
micro_f1_43 = 0.7250000000000001 
macro_f1_43 = 0.7149769383351426 

Epoch - 44 Train-Loss : 0.2749642114341259

Epoch - 44 Valid-Loss : 1.0239859461784362
micro_f1_44 = 0.7250000000000001 
macro_f1_44 = 0.7154452994545875 
Overfitting detected
Changed learning rate to 1.0000000000000002e-06
learning rate re-reduced..

Epoch - 45 Train-Loss : 0.28834939166903495

Epoch - 45 Valid-Loss : 1.0282204341888428
micro_f1_45 = 0.7250000000000001 
macro_f1_45 = 0.7147527553286068 
Overfitting detected
training is terminating so as to prevent further overfitting
Traceback (most recent call last):
  File "/mnt/scratch_a/users/m/melissap/code/exps/esc50/3.mel/main.py", line 91, in <module>
    train.train(model, loss_fn, train_loader, valid_loader, 
  File "/mnt/scratch_a/users/m/melissap/code/exps/esc50/3.mel/train.py", line 131, in train
    genres_filename = store.genres_filename(expid,mode,exp_attempt.get_attempt())
TypeError: genres_filename() takes 2 positional arguments but 3 were given
