exp4
(2000, 7)
audio_files length:2000
loadin stft-spectograms..
features are loaded
cpu
model initialized...
attempt is already initialized
Experiment's _exp4 attempt no_ : 1
Train started..

Epoch - 1 Train-Loss : 3.7620528888702394

Epoch - 1 Valid-Loss : 3.523922231197357
micro_f1_1 = 0.13 
macro_f1_1 = 0.09024880648337856 

Epoch - 2 Train-Loss : 3.3615244764089582

Epoch - 2 Valid-Loss : 3.1913746428489684
micro_f1_2 = 0.1725 
macro_f1_2 = 0.11966735055689805 

Epoch - 3 Train-Loss : 2.9705218440294265

Epoch - 3 Valid-Loss : 3.0125184631347657
micro_f1_3 = 0.26 
macro_f1_3 = 0.2162865619162698 

Epoch - 4 Train-Loss : 2.611156142652035

Epoch - 4 Valid-Loss : 2.7034343779087067
micro_f1_4 = 0.3225 
macro_f1_4 = 0.2808530360706831 

Epoch - 5 Train-Loss : 2.26030495852232

Epoch - 5 Valid-Loss : 2.49060671210289
micro_f1_5 = 0.35500000000000004 
macro_f1_5 = 0.3164736063057506 

Epoch - 6 Train-Loss : 1.9238827784359456

Epoch - 6 Valid-Loss : 2.347444075345993
micro_f1_6 = 0.405 
macro_f1_6 = 0.3844396345753831 

Epoch - 7 Train-Loss : 1.5790376828610897

Epoch - 7 Valid-Loss : 2.178290039896965
micro_f1_7 = 0.485 
macro_f1_7 = 0.46001343535392536 

Epoch - 8 Train-Loss : 1.2621774830669166

Epoch - 8 Valid-Loss : 2.0166079315543173
micro_f1_8 = 0.505 
macro_f1_8 = 0.48879819862314133 

Epoch - 9 Train-Loss : 0.9689050053805113

Epoch - 9 Valid-Loss : 1.9516226249933242
micro_f1_9 = 0.5225 
macro_f1_9 = 0.5064938677879854 

Epoch - 10 Train-Loss : 0.7309990941360592

Epoch - 10 Valid-Loss : 1.9453703203797341
micro_f1_10 = 0.525 
macro_f1_10 = 0.505029418159651 

Epoch - 11 Train-Loss : 0.5518553119897842

Epoch - 11 Valid-Loss : 1.8224931985139847
micro_f1_11 = 0.535 
macro_f1_11 = 0.5186731247046228 

Epoch - 12 Train-Loss : 0.37657395280897615

Epoch - 12 Valid-Loss : 1.8373094820976257
micro_f1_12 = 0.5375 
macro_f1_12 = 0.5212480501281821 
Overfitting detected

Epoch - 13 Train-Loss : 0.2631951765436679

Epoch - 13 Valid-Loss : 1.7709043714404107
micro_f1_13 = 0.5275 
macro_f1_13 = 0.5110174790137101 

Epoch - 14 Train-Loss : 0.19110023451037705

Epoch - 14 Valid-Loss : 1.7737960854172707
micro_f1_14 = 0.54 
macro_f1_14 = 0.5287409673459209 
Overfitting detected
Changed learning rate to 1.0000000000000002e-06
learning rate reduced..

Epoch - 15 Train-Loss : 0.13092255392111837

Epoch - 15 Valid-Loss : 1.7193390944600104
micro_f1_15 = 0.5525 
macro_f1_15 = 0.5392068381108629 

Epoch - 16 Train-Loss : 0.11885285831522197

Epoch - 16 Valid-Loss : 1.7018327522277832
micro_f1_16 = 0.5575 
macro_f1_16 = 0.5404415925454423 

Epoch - 17 Train-Loss : 0.11483486433979123

Epoch - 17 Valid-Loss : 1.7524501764774323
micro_f1_17 = 0.55 
macro_f1_17 = 0.5353005636023539 
Overfitting detected
Changed learning rate to 1.0000000000000002e-06
learning rate re-reduced..

Epoch - 18 Train-Loss : 0.1079864790989086

Epoch - 18 Valid-Loss : 1.7420910727977752
micro_f1_18 = 0.54 
macro_f1_18 = 0.5274556485825836 

Epoch - 19 Train-Loss : 0.10062883519101888

Epoch - 19 Valid-Loss : 1.728677999675274
micro_f1_19 = 0.56 
macro_f1_19 = 0.54544519452569 

Epoch - 20 Train-Loss : 0.10079863550607115

Epoch - 20 Valid-Loss : 1.7283083564043045
micro_f1_20 = 0.5575 
macro_f1_20 = 0.5411172348388663 

Epoch - 21 Train-Loss : 0.10196824596263468

Epoch - 21 Valid-Loss : 1.727534837424755
micro_f1_21 = 0.5525 
macro_f1_21 = 0.5361507493403981 

Epoch - 22 Train-Loss : 0.09511540258303285

Epoch - 22 Valid-Loss : 1.703834143579006
micro_f1_22 = 0.5625 
macro_f1_22 = 0.5426593009673505 

Epoch - 23 Train-Loss : 0.0908442186145112

Epoch - 23 Valid-Loss : 1.715846502184868
micro_f1_23 = 0.55 
macro_f1_23 = 0.5338326123480922 
Overfitting detected
training is terminating so as to prevent further overfitting
Experiment's attempt changed to : 2
