exp8
(2000, 7)
audio_files length:2000
loadin stft-spectograms..
features are loaded
cpu
model initialized...
Experiment's attempt no_ : 1
Train started..

Epoch - 1 Train-Loss : 3.815566974878311

Epoch - 1 Valid-Loss : 3.6186102509498594
micro_f1_1 = 0.0925 
macro_f1_1 = 0.05477046224415492 

Epoch - 2 Train-Loss : 3.54545141518116

Epoch - 2 Valid-Loss : 3.397433021068573
micro_f1_2 = 0.1425 
macro_f1_2 = 0.10895760421379203 

Epoch - 3 Train-Loss : 3.2986887168884276

Epoch - 3 Valid-Loss : 3.1585958123207094
micro_f1_3 = 0.2125 
macro_f1_3 = 0.16028108451536444 

Epoch - 4 Train-Loss : 3.0435460102558136

Epoch - 4 Valid-Loss : 2.9421896290779115
micro_f1_4 = 0.2775 
macro_f1_4 = 0.22157998362243791 

Epoch - 5 Train-Loss : 2.8116341757774355

Epoch - 5 Valid-Loss : 2.747657519578934
micro_f1_5 = 0.3425 
macro_f1_5 = 0.3047049202615833 

Epoch - 6 Train-Loss : 2.5271695643663405

Epoch - 6 Valid-Loss : 2.5677907836437224
micro_f1_6 = 0.36 
macro_f1_6 = 0.32707221359789956 

Epoch - 7 Train-Loss : 2.278323616981506

Epoch - 7 Valid-Loss : 2.3429730522632597
micro_f1_7 = 0.425 
macro_f1_7 = 0.39506112783135267 

Epoch - 8 Train-Loss : 2.01072239741683

Epoch - 8 Valid-Loss : 2.3485652589797974
micro_f1_8 = 0.425 
macro_f1_8 = 0.3942522864385491 
Overfitting detected

Epoch - 9 Train-Loss : 1.7402420404553414

Epoch - 9 Valid-Loss : 2.1579961866140365
micro_f1_9 = 0.465 
macro_f1_9 = 0.4401856423515462 

Epoch - 10 Train-Loss : 1.4845050223171712

Epoch - 10 Valid-Loss : 2.0658656579256056
micro_f1_10 = 0.485 
macro_f1_10 = 0.456007698397471 

Epoch - 11 Train-Loss : 1.2349786001443863

Epoch - 11 Valid-Loss : 2.026805300116539
micro_f1_11 = 0.47500000000000003 
macro_f1_11 = 0.4550650674537469 

Epoch - 12 Train-Loss : 1.0381960485875608

Epoch - 12 Valid-Loss : 1.9444033360481263
micro_f1_12 = 0.51 
macro_f1_12 = 0.4880793773288725 

Epoch - 13 Train-Loss : 0.8062371023744345

Epoch - 13 Valid-Loss : 1.9124150907993316
micro_f1_13 = 0.52 
macro_f1_13 = 0.49034999715639094 

Epoch - 14 Train-Loss : 0.6401584968715907

Epoch - 14 Valid-Loss : 1.9003644317388535
micro_f1_14 = 0.5275 
macro_f1_14 = 0.5052941668268766 

Epoch - 15 Train-Loss : 0.45214256972074507

Epoch - 15 Valid-Loss : 1.8327354472875594
micro_f1_15 = 0.52 
macro_f1_15 = 0.4841624007765615 

Epoch - 16 Train-Loss : 0.3659118857048452

Epoch - 16 Valid-Loss : 1.8093131643533706
micro_f1_16 = 0.5 
macro_f1_16 = 0.4800982721337367 

Epoch - 17 Train-Loss : 0.2746068665385246

Epoch - 17 Valid-Loss : 1.7956638634204865
micro_f1_17 = 0.515 
macro_f1_17 = 0.4920497169840823 

Epoch - 18 Train-Loss : 0.2092313312366605

Epoch - 18 Valid-Loss : 1.7507530423998832
micro_f1_18 = 0.5275 
macro_f1_18 = 0.5039117897627119 

Epoch - 19 Train-Loss : 0.15648118290118873

Epoch - 19 Valid-Loss : 1.7959369759261608
micro_f1_19 = 0.535 
macro_f1_19 = 0.5107482605114184 
Overfitting detected
Changed learning rate to 1.0000000000000002e-06
learning rate reduced..

Epoch - 20 Train-Loss : 0.12302170533221216

Epoch - 20 Valid-Loss : 1.7338167837262153
micro_f1_20 = 0.545 
macro_f1_20 = 0.5178998412858286 

Epoch - 21 Train-Loss : 0.11777778570074587

Epoch - 21 Valid-Loss : 1.7283622428774834
micro_f1_21 = 0.545 
macro_f1_21 = 0.5188897028324273 

Epoch - 22 Train-Loss : 0.10483324959874153

Epoch - 22 Valid-Loss : 1.7244856214523316
micro_f1_22 = 0.5425 
macro_f1_22 = 0.5182062852867807 

Epoch - 23 Train-Loss : 0.10424804249312729

Epoch - 23 Valid-Loss : 1.7276448395848274
micro_f1_23 = 0.5325 
macro_f1_23 = 0.5057015540359194 
Overfitting detected
Changed learning rate to 1.0000000000000002e-06
learning rate re-reduced..

Epoch - 24 Train-Loss : 0.10376885714009404

Epoch - 24 Valid-Loss : 1.7180907914042474
micro_f1_24 = 0.535 
macro_f1_24 = 0.5070855573734832 

Epoch - 25 Train-Loss : 0.09746124148834497

Epoch - 25 Valid-Loss : 1.7212935288250446
micro_f1_25 = 0.535 
macro_f1_25 = 0.5120203437773096 
Overfitting detected
training is terminating so as to prevent further overfitting
                         5
validation_fold:          
micro_f1          0.535156
macro_f1          0.512207
params                 inf
Experiment's attempt changed to : 2
