exp8
(2000, 7)
audio_files length:2000
loadin stft-spectograms..
features are loaded
cpu
model initialized...
attempt is already initialized
Experiment's _exp8 attempt no_ : 2
Train started..

Epoch - 1 Train-Loss : 3.939887704253197

Epoch - 1 Valid-Loss : 3.720744078159332
micro_f1_1 = 0.095 
macro_f1_1 = 0.032402246024410095 

Epoch - 2 Train-Loss : 3.663078177571297

Epoch - 2 Valid-Loss : 3.5062511467933657
micro_f1_2 = 0.135 
macro_f1_2 = 0.07197021170315718 

Epoch - 3 Train-Loss : 3.432168707847595

Epoch - 3 Valid-Loss : 3.28199832201004
micro_f1_3 = 0.1525 
macro_f1_3 = 0.0909759675678782 

Epoch - 4 Train-Loss : 3.2509271508455275

Epoch - 4 Valid-Loss : 3.0851342463493348
micro_f1_4 = 0.20999999999999996 
macro_f1_4 = 0.1549487169992835 

Epoch - 5 Train-Loss : 3.018478194773197

Epoch - 5 Valid-Loss : 2.8400182723999023
micro_f1_5 = 0.3075 
macro_f1_5 = 0.2506153247356633 

Epoch - 6 Train-Loss : 2.747970459163189

Epoch - 6 Valid-Loss : 2.6550350987911226
micro_f1_6 = 0.305 
macro_f1_6 = 0.2527547627790864 

Epoch - 7 Train-Loss : 2.669056099951267

Epoch - 7 Valid-Loss : 2.516618663072586
micro_f1_7 = 0.35500000000000004 
macro_f1_7 = 0.29454728607278297 

Epoch - 8 Train-Loss : 2.4322063925862314

Epoch - 8 Valid-Loss : 2.4249776554107667
micro_f1_8 = 0.3675 
macro_f1_8 = 0.3195303195328979 

Epoch - 9 Train-Loss : 2.277106136083603

Epoch - 9 Valid-Loss : 2.217259690761566
micro_f1_9 = 0.41 
macro_f1_9 = 0.36542229028256756 

Epoch - 10 Train-Loss : 2.178249491602182

Epoch - 10 Valid-Loss : 2.1075831246376038
micro_f1_10 = 0.4075 
macro_f1_10 = 0.36510039639769754 

Epoch - 11 Train-Loss : 2.0557729046046735

Epoch - 11 Valid-Loss : 2.0712801057100294
micro_f1_11 = 0.47 
macro_f1_11 = 0.4305724225207198 

Epoch - 12 Train-Loss : 1.9000700154900552

Epoch - 12 Valid-Loss : 1.9522493708133697
micro_f1_12 = 0.5225 
macro_f1_12 = 0.49128645629110024 

Epoch - 13 Train-Loss : 1.7863794523477554

Epoch - 13 Valid-Loss : 1.8691567122936248
micro_f1_13 = 0.49 
macro_f1_13 = 0.4599529117567346 

Epoch - 14 Train-Loss : 1.6898757126927375

Epoch - 14 Valid-Loss : 1.8350550478696823
micro_f1_14 = 0.4825 
macro_f1_14 = 0.44528624653995635 

Epoch - 15 Train-Loss : 1.5858784165605904

Epoch - 15 Valid-Loss : 1.7353674352169037
micro_f1_15 = 0.5425 
macro_f1_15 = 0.5279597124581644 

Epoch - 16 Train-Loss : 1.4862403977662324

Epoch - 16 Valid-Loss : 1.6706613940000534
micro_f1_16 = 0.5575 
macro_f1_16 = 0.5396837743153533 

Epoch - 17 Train-Loss : 1.4288601956143976

Epoch - 17 Valid-Loss : 1.6367685544490813
micro_f1_17 = 0.5575 
macro_f1_17 = 0.535783289465952 

Epoch - 18 Train-Loss : 1.3454042011126877

Epoch - 18 Valid-Loss : 1.5903767734766006
micro_f1_18 = 0.57 
macro_f1_18 = 0.5485386859636826 

Epoch - 19 Train-Loss : 1.3009169446118176

Epoch - 19 Valid-Loss : 1.5476738417893647
micro_f1_19 = 0.555 
macro_f1_19 = 0.5376823169505726 

Epoch - 20 Train-Loss : 1.213277074098587

Epoch - 20 Valid-Loss : 1.5411588847637177
micro_f1_20 = 0.555 
macro_f1_20 = 0.5309974287127057 

Epoch - 21 Train-Loss : 1.1403214452788233

Epoch - 21 Valid-Loss : 1.5072898963093757
micro_f1_21 = 0.57 
macro_f1_21 = 0.5486562036145157 

Epoch - 22 Train-Loss : 1.0844943918287755

Epoch - 22 Valid-Loss : 1.4942310333251954
micro_f1_22 = 0.5775 
macro_f1_22 = 0.5604756927313127 

Epoch - 23 Train-Loss : 1.0085489316657186

Epoch - 23 Valid-Loss : 1.4420615442097187
micro_f1_23 = 0.58 
macro_f1_23 = 0.5635302960302288 

Epoch - 24 Train-Loss : 0.9618691020831466

Epoch - 24 Valid-Loss : 1.4501502972841263
micro_f1_24 = 0.615 
macro_f1_24 = 0.5965332011985263 
Overfitting detected

Epoch - 25 Train-Loss : 0.9391857506707311

Epoch - 25 Valid-Loss : 1.4511290030181407
micro_f1_25 = 0.6125 
macro_f1_25 = 0.6004514153574996 
Overfitting detected
Changed learning rate to 1.0000000000000002e-06
learning rate reduced..

Epoch - 26 Train-Loss : 0.7985080246254802

Epoch - 26 Valid-Loss : 1.3660036316514015
micro_f1_26 = 0.6225 
macro_f1_26 = 0.6080816795340285 

Epoch - 27 Train-Loss : 0.7482572530442849

Epoch - 27 Valid-Loss : 1.3762397453188897
micro_f1_27 = 0.6275 
macro_f1_27 = 0.6121683063574974 
Overfitting detected
Changed learning rate to 1.0000000000000002e-06
learning rate re-reduced..

Epoch - 28 Train-Loss : 0.7277902973629534

Epoch - 28 Valid-Loss : 1.3464826047420502
micro_f1_28 = 0.62 
macro_f1_28 = 0.6026844705226722 

Epoch - 29 Train-Loss : 0.7184610569756478

Epoch - 29 Valid-Loss : 1.3209141048789024
micro_f1_29 = 0.635 
macro_f1_29 = 0.6224946465867182 

Epoch - 30 Train-Loss : 0.7032125885412097

Epoch - 30 Valid-Loss : 1.3351487055420876
micro_f1_30 = 0.625 
macro_f1_30 = 0.6111007120039291 
Overfitting detected
training is terminating so as to prevent further overfitting
Experiment's attempt changed to : 4
